[08-10-2023 09:14:42.649 INFO com.tricentis.demowebshop.helper.Log] - Start
[08-10-2023 09:14:42.724 INFO com.tricentis.demowebshop.helper.Log] - Read test data
[08-10-2023 09:14:44.858 INFO com.tricentis.demowebshop.helper.Log] - Start Browser CHROME
[08-10-2023 09:14:59.411 INFO com.tricentis.demowebshop.helper.Log] - Test start
[08-10-2023 09:14:59.492 INFO com.tricentis.demowebshop.helper.Log] - Open Home page
[08-10-2023 09:14:59.526 INFO com.tricentis.demowebshop.helper.Log] - Click on Login link on Homepage
[08-10-2023 09:15:00.185 INFO com.tricentis.demowebshop.helper.Log] - enter Email Username and Password Password
[08-10-2023 09:15:00.699 INFO com.tricentis.demowebshop.helper.Log] - ---------- VerifyLoginForm FAILED test ----------
[08-10-2023 09:15:00.764 INFO com.tricentis.demowebshop.helper.Log] - Close Browser and Driver
[08-10-2023 09:15:00.765 INFO com.tricentis.demowebshop.helper.Log] - OS name = mac os x
[08-10-2023 09:15:00.767 INFO com.tricentis.demowebshop.helper.Log] - Driver instance name = mac os x
[08-10-2023 09:15:02.106 INFO com.tricentis.demowebshop.helper.Log] - Start Browser CHROME
[08-10-2023 09:15:07.533 INFO com.tricentis.demowebshop.helper.Log] - Test start
[08-10-2023 09:15:07.545 INFO com.tricentis.demowebshop.helper.Log] - Open Home page
[08-10-2023 09:15:07.557 INFO com.tricentis.demowebshop.helper.Log] - Click on Login link on Homepage
[08-10-2023 09:15:08.348 INFO com.tricentis.demowebshop.helper.Log] - enter Email hihaha@abc.def and Password Abcd@1234
[08-10-2023 09:15:10.098 INFO com.tricentis.demowebshop.helper.Log] - ---------- VerifyLoginForm FAILED test ----------
[08-10-2023 09:15:10.109 INFO com.tricentis.demowebshop.helper.Log] - Close Browser and Driver
[08-10-2023 09:15:10.110 INFO com.tricentis.demowebshop.helper.Log] - OS name = mac os x
[08-10-2023 09:15:10.111 INFO com.tricentis.demowebshop.helper.Log] - Driver instance name = mac os x
[08-10-2023 09:15:11.367 INFO com.tricentis.demowebshop.helper.Log] - Start Browser CHROME
[08-10-2023 09:15:17.078 INFO com.tricentis.demowebshop.helper.Log] - Test start
[08-10-2023 09:15:17.101 INFO com.tricentis.demowebshop.helper.Log] - Open Home page
[08-10-2023 09:15:17.114 INFO com.tricentis.demowebshop.helper.Log] - Click on Login link on Homepage
[08-10-2023 09:15:18.084 INFO com.tricentis.demowebshop.helper.Log] - enter Email  and Password Abcd@1234
[08-10-2023 09:15:18.913 INFO com.tricentis.demowebshop.helper.Log] - ---------- VerifyLoginForm FAILED test ----------
[08-10-2023 09:15:18.918 INFO com.tricentis.demowebshop.helper.Log] - Close Browser and Driver
[08-10-2023 09:15:18.923 INFO com.tricentis.demowebshop.helper.Log] - OS name = mac os x
[08-10-2023 09:15:18.924 INFO com.tricentis.demowebshop.helper.Log] - Driver instance name = mac os x
[08-10-2023 09:15:20.206 INFO com.tricentis.demowebshop.helper.Log] - Start Browser CHROME
[08-10-2023 09:15:25.628 INFO com.tricentis.demowebshop.helper.Log] - Test start
[08-10-2023 09:15:25.638 INFO com.tricentis.demowebshop.helper.Log] - Open Home page
[08-10-2023 09:15:25.659 INFO com.tricentis.demowebshop.helper.Log] - Click on Login link on Homepage
[08-10-2023 09:15:26.478 INFO com.tricentis.demowebshop.helper.Log] - enter Email hihaha@abc.def and Password 
[08-10-2023 09:15:27.309 INFO com.tricentis.demowebshop.helper.Log] - ---------- VerifyLoginForm FAILED test ----------
[08-10-2023 09:15:27.315 INFO com.tricentis.demowebshop.helper.Log] - Close Browser and Driver
[08-10-2023 09:15:27.316 INFO com.tricentis.demowebshop.helper.Log] - OS name = mac os x
[08-10-2023 09:15:27.317 INFO com.tricentis.demowebshop.helper.Log] - Driver instance name = mac os x
[08-10-2023 09:15:28.597 INFO com.tricentis.demowebshop.helper.Log] - Start Browser CHROME
[08-10-2023 09:15:34.981 INFO com.tricentis.demowebshop.helper.Log] - Test start
[08-10-2023 09:15:34.995 INFO com.tricentis.demowebshop.helper.Log] - Open Home page
[08-10-2023 09:15:35.003 INFO com.tricentis.demowebshop.helper.Log] - Click on Login link on Homepage
[08-10-2023 09:15:35.784 INFO com.tricentis.demowebshop.helper.Log] - enter Email  and Password 
[08-10-2023 09:15:36.682 INFO com.tricentis.demowebshop.helper.Log] - ---------- VerifyLoginForm FAILED test ----------
[08-10-2023 09:15:36.687 INFO com.tricentis.demowebshop.helper.Log] - Close Browser and Driver
[08-10-2023 09:15:36.688 INFO com.tricentis.demowebshop.helper.Log] - OS name = mac os x
[08-10-2023 09:15:36.690 INFO com.tricentis.demowebshop.helper.Log] - Driver instance name = mac os x
[08-10-2023 09:15:37.976 INFO com.tricentis.demowebshop.helper.Log] - Start Browser CHROME
[08-10-2023 09:15:43.295 INFO com.tricentis.demowebshop.helper.Log] - Test start
[08-10-2023 09:15:43.310 INFO com.tricentis.demowebshop.helper.Log] - Open Home page
[08-10-2023 09:15:43.347 INFO com.tricentis.demowebshop.helper.Log] - Click on Login link on Homepage
[08-10-2023 09:15:44.088 INFO com.tricentis.demowebshop.helper.Log] - enter Email hihaha@abc.def and Password 123456
[08-10-2023 09:15:45.087 INFO com.tricentis.demowebshop.helper.Log] - ---------- VerifyLoginForm FAILED test ----------
[08-10-2023 09:15:45.092 INFO com.tricentis.demowebshop.helper.Log] - Close Browser and Driver
[08-10-2023 09:15:45.092 INFO com.tricentis.demowebshop.helper.Log] - OS name = mac os x
[08-10-2023 09:15:45.095 INFO com.tricentis.demowebshop.helper.Log] - Driver instance name = mac os x
[08-10-2023 09:15:46.436 INFO com.tricentis.demowebshop.helper.Log] - Finish
