[08-10-2023 09:31:22.198 INFO com.tricentis.demowebshop.helper.Log] - Start
[08-10-2023 09:31:22.252 INFO com.tricentis.demowebshop.helper.Log] - Read test data
[08-10-2023 09:31:24.051 INFO com.tricentis.demowebshop.helper.Log] - Start Browser CHROME
[08-10-2023 09:31:34.537 INFO com.tricentis.demowebshop.helper.Log] - Test start
[08-10-2023 09:31:34.607 INFO com.tricentis.demowebshop.helper.Log] - Open Home page
[08-10-2023 09:31:34.652 INFO com.tricentis.demowebshop.helper.Log] - Click on Login link on Homepage
[08-10-2023 09:31:35.300 INFO com.tricentis.demowebshop.helper.Log] - enter Email Username and Password Password
[08-10-2023 09:32:06.026 INFO com.tricentis.demowebshop.helper.Log] - ---------- VerifyLoginForm FAILED test ----------
[08-10-2023 09:32:06.039 INFO com.tricentis.demowebshop.helper.Log] - Close Browser and Driver
[08-10-2023 09:32:06.040 INFO com.tricentis.demowebshop.helper.Log] - OS name = mac os x
[08-10-2023 09:32:06.042 INFO com.tricentis.demowebshop.helper.Log] - Driver instance name = mac os x
[08-10-2023 09:32:07.300 INFO com.tricentis.demowebshop.helper.Log] - Start Browser CHROME
[08-10-2023 09:32:13.960 INFO com.tricentis.demowebshop.helper.Log] - Test start
[08-10-2023 09:32:13.981 INFO com.tricentis.demowebshop.helper.Log] - Open Home page
[08-10-2023 09:32:13.998 INFO com.tricentis.demowebshop.helper.Log] - Click on Login link on Homepage
[08-10-2023 09:32:14.733 INFO com.tricentis.demowebshop.helper.Log] - enter Email hihaha@abc.def and Password Abcd@1234
[08-10-2023 09:32:46.413 INFO com.tricentis.demowebshop.helper.Log] - ---------- VerifyLoginForm FAILED test ----------
[08-10-2023 09:32:46.418 INFO com.tricentis.demowebshop.helper.Log] - Close Browser and Driver
[08-10-2023 09:32:46.419 INFO com.tricentis.demowebshop.helper.Log] - OS name = mac os x
[08-10-2023 09:32:46.420 INFO com.tricentis.demowebshop.helper.Log] - Driver instance name = mac os x
[08-10-2023 09:32:47.769 INFO com.tricentis.demowebshop.helper.Log] - Start Browser CHROME
[08-10-2023 09:32:53.507 INFO com.tricentis.demowebshop.helper.Log] - Test start
[08-10-2023 09:32:53.527 INFO com.tricentis.demowebshop.helper.Log] - Open Home page
[08-10-2023 09:32:53.549 INFO com.tricentis.demowebshop.helper.Log] - Click on Login link on Homepage
[08-10-2023 09:32:54.271 INFO com.tricentis.demowebshop.helper.Log] - enter Email  and Password Abcd@1234
[08-10-2023 09:32:55.289 INFO com.tricentis.demowebshop.helper.Log] - Test success
[08-10-2023 09:32:55.292 INFO com.tricentis.demowebshop.helper.Log] - ---------- VerifyLoginForm pass test ----------
[08-10-2023 09:32:55.299 INFO com.tricentis.demowebshop.helper.Log] - Close Browser and Driver
[08-10-2023 09:32:55.303 INFO com.tricentis.demowebshop.helper.Log] - OS name = mac os x
[08-10-2023 09:32:55.303 INFO com.tricentis.demowebshop.helper.Log] - Driver instance name = mac os x
[08-10-2023 09:32:56.538 INFO com.tricentis.demowebshop.helper.Log] - Start Browser CHROME
[08-10-2023 09:33:01.865 INFO com.tricentis.demowebshop.helper.Log] - Test start
[08-10-2023 09:33:01.874 INFO com.tricentis.demowebshop.helper.Log] - Open Home page
[08-10-2023 09:33:01.891 INFO com.tricentis.demowebshop.helper.Log] - Click on Login link on Homepage
[08-10-2023 09:33:02.664 INFO com.tricentis.demowebshop.helper.Log] - enter Email hihaha@abc.def and Password 
[08-10-2023 09:33:03.668 INFO com.tricentis.demowebshop.helper.Log] - Test success
[08-10-2023 09:33:03.668 INFO com.tricentis.demowebshop.helper.Log] - ---------- VerifyLoginForm pass test ----------
[08-10-2023 09:33:03.669 INFO com.tricentis.demowebshop.helper.Log] - Close Browser and Driver
[08-10-2023 09:33:03.671 INFO com.tricentis.demowebshop.helper.Log] - OS name = mac os x
[08-10-2023 09:33:03.673 INFO com.tricentis.demowebshop.helper.Log] - Driver instance name = mac os x
[08-10-2023 09:33:04.924 INFO com.tricentis.demowebshop.helper.Log] - Start Browser CHROME
[08-10-2023 09:33:11.094 INFO com.tricentis.demowebshop.helper.Log] - Test start
[08-10-2023 09:33:11.127 INFO com.tricentis.demowebshop.helper.Log] - Open Home page
[08-10-2023 09:33:11.163 INFO com.tricentis.demowebshop.helper.Log] - Click on Login link on Homepage
[08-10-2023 09:33:11.882 INFO com.tricentis.demowebshop.helper.Log] - enter Email  and Password 
[08-10-2023 09:33:12.757 INFO com.tricentis.demowebshop.helper.Log] - Test success
[08-10-2023 09:33:12.757 INFO com.tricentis.demowebshop.helper.Log] - ---------- VerifyLoginForm pass test ----------
[08-10-2023 09:33:12.759 INFO com.tricentis.demowebshop.helper.Log] - Close Browser and Driver
[08-10-2023 09:33:12.760 INFO com.tricentis.demowebshop.helper.Log] - OS name = mac os x
[08-10-2023 09:33:12.763 INFO com.tricentis.demowebshop.helper.Log] - Driver instance name = mac os x
[08-10-2023 09:33:14.038 INFO com.tricentis.demowebshop.helper.Log] - Start Browser CHROME
[08-10-2023 09:33:19.295 INFO com.tricentis.demowebshop.helper.Log] - Test start
[08-10-2023 09:33:19.306 INFO com.tricentis.demowebshop.helper.Log] - Open Home page
[08-10-2023 09:33:19.323 INFO com.tricentis.demowebshop.helper.Log] - Click on Login link on Homepage
[08-10-2023 09:33:20.028 INFO com.tricentis.demowebshop.helper.Log] - enter Email hihaha@abc.def and Password 123456
[08-10-2023 09:33:21.079 INFO com.tricentis.demowebshop.helper.Log] - Test success
[08-10-2023 09:33:21.080 INFO com.tricentis.demowebshop.helper.Log] - ---------- VerifyLoginForm pass test ----------
[08-10-2023 09:33:21.083 INFO com.tricentis.demowebshop.helper.Log] - Close Browser and Driver
[08-10-2023 09:33:21.083 INFO com.tricentis.demowebshop.helper.Log] - OS name = mac os x
[08-10-2023 09:33:21.085 INFO com.tricentis.demowebshop.helper.Log] - Driver instance name = mac os x
[08-10-2023 09:33:22.420 INFO com.tricentis.demowebshop.helper.Log] - Start Browser CHROME
[08-10-2023 09:33:28.686 INFO com.tricentis.demowebshop.helper.Log] - Test start
[08-10-2023 09:33:28.715 INFO com.tricentis.demowebshop.helper.Log] - Open Home page
[08-10-2023 09:33:28.728 INFO com.tricentis.demowebshop.helper.Log] - Click on Login link on Homepage
[08-10-2023 09:33:29.422 INFO com.tricentis.demowebshop.helper.Log] - enter Email 123456 and Password Abcd@1234
[08-10-2023 09:33:59.964 INFO com.tricentis.demowebshop.helper.Log] - ---------- VerifyLoginForm FAILED test ----------
[08-10-2023 09:33:59.967 INFO com.tricentis.demowebshop.helper.Log] - Close Browser and Driver
[08-10-2023 09:33:59.968 INFO com.tricentis.demowebshop.helper.Log] - OS name = mac os x
[08-10-2023 09:33:59.969 INFO com.tricentis.demowebshop.helper.Log] - Driver instance name = mac os x
[08-10-2023 09:34:01.267 INFO com.tricentis.demowebshop.helper.Log] - Finish
