[08-10-2023 11:18:32.768 INFO com.tricentis.demowebshop.helper.Log] - Start
[08-10-2023 11:18:32.859 INFO com.tricentis.demowebshop.helper.Log] - Read test data
[08-10-2023 11:18:35.000 INFO com.tricentis.demowebshop.helper.Log] - Start Browser CHROME
[08-10-2023 11:18:47.545 INFO com.tricentis.demowebshop.helper.Log] - Test start
[08-10-2023 11:18:47.593 INFO com.tricentis.demowebshop.helper.Log] - Open Home page
[08-10-2023 11:18:47.615 INFO com.tricentis.demowebshop.helper.Log] - Click on Login link on Homepage
[08-10-2023 11:18:48.337 INFO com.tricentis.demowebshop.helper.Log] - enter Email Username and Password Password
[08-10-2023 11:19:18.926 INFO com.tricentis.demowebshop.helper.Log] - Login successfully
[08-10-2023 11:19:18.942 INFO com.tricentis.demowebshop.helper.Log] - Test success
[08-10-2023 11:19:18.944 INFO com.tricentis.demowebshop.helper.Log] - ---------- VerifyLoginForm pass test ----------
[08-10-2023 11:19:18.947 INFO com.tricentis.demowebshop.helper.Log] - Close Browser and Driver
[08-10-2023 11:19:18.948 INFO com.tricentis.demowebshop.helper.Log] - OS name = mac os x
[08-10-2023 11:19:18.949 INFO com.tricentis.demowebshop.helper.Log] - Driver instance name = mac os x
[08-10-2023 11:19:20.151 INFO com.tricentis.demowebshop.helper.Log] - Start Browser CHROME
[08-10-2023 11:19:28.661 INFO com.tricentis.demowebshop.helper.Log] - Test start
[08-10-2023 11:19:28.675 INFO com.tricentis.demowebshop.helper.Log] - Open Home page
[08-10-2023 11:19:28.773 INFO com.tricentis.demowebshop.helper.Log] - Click on Login link on Homepage
[08-10-2023 11:19:29.597 INFO com.tricentis.demowebshop.helper.Log] - enter Email hihaha@abc.def and Password Abcd@1234
[08-10-2023 11:20:01.447 INFO com.tricentis.demowebshop.helper.Log] - Login successfully
[08-10-2023 11:20:01.452 INFO com.tricentis.demowebshop.helper.Log] - Test success
[08-10-2023 11:20:01.453 INFO com.tricentis.demowebshop.helper.Log] - ---------- VerifyLoginForm pass test ----------
[08-10-2023 11:20:01.455 INFO com.tricentis.demowebshop.helper.Log] - Close Browser and Driver
[08-10-2023 11:20:01.456 INFO com.tricentis.demowebshop.helper.Log] - OS name = mac os x
[08-10-2023 11:20:01.456 INFO com.tricentis.demowebshop.helper.Log] - Driver instance name = mac os x
[08-10-2023 11:20:02.657 INFO com.tricentis.demowebshop.helper.Log] - Start Browser CHROME
[08-10-2023 11:20:08.886 INFO com.tricentis.demowebshop.helper.Log] - Test start
[08-10-2023 11:20:08.900 INFO com.tricentis.demowebshop.helper.Log] - Open Home page
[08-10-2023 11:20:08.911 INFO com.tricentis.demowebshop.helper.Log] - Click on Login link on Homepage
[08-10-2023 11:20:10.552 INFO com.tricentis.demowebshop.helper.Log] - enter Email  and Password Abcd@1234
[08-10-2023 11:20:11.575 INFO com.tricentis.demowebshop.helper.Log] - Test success
[08-10-2023 11:20:11.576 INFO com.tricentis.demowebshop.helper.Log] - ---------- VerifyLoginForm pass test ----------
[08-10-2023 11:20:11.579 INFO com.tricentis.demowebshop.helper.Log] - Close Browser and Driver
[08-10-2023 11:20:11.580 INFO com.tricentis.demowebshop.helper.Log] - OS name = mac os x
[08-10-2023 11:20:11.580 INFO com.tricentis.demowebshop.helper.Log] - Driver instance name = mac os x
[08-10-2023 11:20:12.855 INFO com.tricentis.demowebshop.helper.Log] - Start Browser CHROME
[08-10-2023 11:20:20.578 INFO com.tricentis.demowebshop.helper.Log] - Test start
[08-10-2023 11:20:20.591 INFO com.tricentis.demowebshop.helper.Log] - Open Home page
[08-10-2023 11:20:20.667 INFO com.tricentis.demowebshop.helper.Log] - Click on Login link on Homepage
[08-10-2023 11:20:21.388 INFO com.tricentis.demowebshop.helper.Log] - enter Email hihaha@abc.def and Password 
[08-10-2023 11:20:22.371 INFO com.tricentis.demowebshop.helper.Log] - Test success
[08-10-2023 11:20:22.372 INFO com.tricentis.demowebshop.helper.Log] - ---------- VerifyLoginForm pass test ----------
[08-10-2023 11:20:22.376 INFO com.tricentis.demowebshop.helper.Log] - Close Browser and Driver
[08-10-2023 11:20:22.377 INFO com.tricentis.demowebshop.helper.Log] - OS name = mac os x
[08-10-2023 11:20:22.378 INFO com.tricentis.demowebshop.helper.Log] - Driver instance name = mac os x
[08-10-2023 11:20:23.642 INFO com.tricentis.demowebshop.helper.Log] - Start Browser CHROME
[08-10-2023 11:20:32.196 INFO com.tricentis.demowebshop.helper.Log] - Test start
[08-10-2023 11:20:32.207 INFO com.tricentis.demowebshop.helper.Log] - Open Home page
[08-10-2023 11:20:32.219 INFO com.tricentis.demowebshop.helper.Log] - Click on Login link on Homepage
[08-10-2023 11:20:33.042 INFO com.tricentis.demowebshop.helper.Log] - enter Email  and Password 
[08-10-2023 11:20:34.032 INFO com.tricentis.demowebshop.helper.Log] - Test success
[08-10-2023 11:20:34.032 INFO com.tricentis.demowebshop.helper.Log] - ---------- VerifyLoginForm pass test ----------
[08-10-2023 11:20:34.034 INFO com.tricentis.demowebshop.helper.Log] - Close Browser and Driver
[08-10-2023 11:20:34.035 INFO com.tricentis.demowebshop.helper.Log] - OS name = mac os x
[08-10-2023 11:20:34.037 INFO com.tricentis.demowebshop.helper.Log] - Driver instance name = mac os x
[08-10-2023 11:20:35.274 INFO com.tricentis.demowebshop.helper.Log] - Start Browser CHROME
[08-10-2023 11:20:41.817 INFO com.tricentis.demowebshop.helper.Log] - Test start
[08-10-2023 11:20:41.831 INFO com.tricentis.demowebshop.helper.Log] - Open Home page
[08-10-2023 11:20:41.858 INFO com.tricentis.demowebshop.helper.Log] - Click on Login link on Homepage
[08-10-2023 11:20:43.540 INFO com.tricentis.demowebshop.helper.Log] - enter Email hihaha@abc.def and Password 123456
[08-10-2023 11:20:44.500 INFO com.tricentis.demowebshop.helper.Log] - Test success
[08-10-2023 11:20:44.500 INFO com.tricentis.demowebshop.helper.Log] - ---------- VerifyLoginForm pass test ----------
[08-10-2023 11:20:44.502 INFO com.tricentis.demowebshop.helper.Log] - Close Browser and Driver
[08-10-2023 11:20:44.503 INFO com.tricentis.demowebshop.helper.Log] - OS name = mac os x
[08-10-2023 11:20:44.503 INFO com.tricentis.demowebshop.helper.Log] - Driver instance name = mac os x
[08-10-2023 11:20:45.779 INFO com.tricentis.demowebshop.helper.Log] - Start Browser CHROME
[08-10-2023 11:20:52.496 INFO com.tricentis.demowebshop.helper.Log] - Test start
[08-10-2023 11:20:52.509 INFO com.tricentis.demowebshop.helper.Log] - Open Home page
[08-10-2023 11:20:52.522 INFO com.tricentis.demowebshop.helper.Log] - Click on Login link on Homepage
[08-10-2023 11:20:54.049 INFO com.tricentis.demowebshop.helper.Log] - enter Email 123456 and Password Abcd@1234
[08-10-2023 11:21:24.530 INFO com.tricentis.demowebshop.helper.Log] - Login successfully
[08-10-2023 11:21:24.532 INFO com.tricentis.demowebshop.helper.Log] - Test success
[08-10-2023 11:21:24.532 INFO com.tricentis.demowebshop.helper.Log] - ---------- VerifyLoginForm pass test ----------
[08-10-2023 11:21:24.534 INFO com.tricentis.demowebshop.helper.Log] - Close Browser and Driver
[08-10-2023 11:21:24.534 INFO com.tricentis.demowebshop.helper.Log] - OS name = mac os x
[08-10-2023 11:21:24.535 INFO com.tricentis.demowebshop.helper.Log] - Driver instance name = mac os x
[08-10-2023 11:21:25.823 INFO com.tricentis.demowebshop.helper.Log] - Finish
