[08-10-2023 11:42:23.717 INFO com.tricentis.demowebshop.helper.Log] - Start
[08-10-2023 11:42:23.807 INFO com.tricentis.demowebshop.helper.Log] - Read test data
[08-10-2023 11:42:25.862 INFO com.tricentis.demowebshop.helper.Log] - Start Browser CHROME
[08-10-2023 11:42:35.119 INFO com.tricentis.demowebshop.helper.Log] - Test start
[08-10-2023 11:42:35.190 INFO com.tricentis.demowebshop.helper.Log] - Open Home page
[08-10-2023 11:42:35.245 INFO com.tricentis.demowebshop.helper.Log] - Click on Login link on Homepage
[08-10-2023 11:42:35.800 INFO com.tricentis.demowebshop.helper.Log] - enter Email hihaha@abc.def and Password Abcd@1234
[08-10-2023 11:43:07.635 INFO com.tricentis.demowebshop.helper.Log] - Login successfully
[08-10-2023 11:43:07.649 INFO com.tricentis.demowebshop.helper.Log] - Test success
[08-10-2023 11:43:07.650 INFO com.tricentis.demowebshop.helper.Log] - ---------- VerifyLoginForm pass test ----------
[08-10-2023 11:43:07.653 INFO com.tricentis.demowebshop.helper.Log] - Close Browser and Driver
[08-10-2023 11:43:07.654 INFO com.tricentis.demowebshop.helper.Log] - OS name = mac os x
[08-10-2023 11:43:07.655 INFO com.tricentis.demowebshop.helper.Log] - Driver instance name = mac os x
[08-10-2023 11:43:08.990 INFO com.tricentis.demowebshop.helper.Log] - Start Browser CHROME
[08-10-2023 11:43:14.972 INFO com.tricentis.demowebshop.helper.Log] - Test start
[08-10-2023 11:43:14.984 INFO com.tricentis.demowebshop.helper.Log] - Open Home page
[08-10-2023 11:43:14.998 INFO com.tricentis.demowebshop.helper.Log] - Click on Login link on Homepage
[08-10-2023 11:43:15.817 INFO com.tricentis.demowebshop.helper.Log] - enter Email  and Password Abcd@1234
[08-10-2023 11:43:16.825 INFO com.tricentis.demowebshop.helper.Log] - Expected Message: No customer account foundActual Message: No customer account found
[08-10-2023 11:43:16.833 INFO com.tricentis.demowebshop.helper.Log] - Test success
[08-10-2023 11:43:16.834 INFO com.tricentis.demowebshop.helper.Log] - ---------- VerifyLoginForm pass test ----------
[08-10-2023 11:43:16.836 INFO com.tricentis.demowebshop.helper.Log] - Close Browser and Driver
[08-10-2023 11:43:16.837 INFO com.tricentis.demowebshop.helper.Log] - OS name = mac os x
[08-10-2023 11:43:16.837 INFO com.tricentis.demowebshop.helper.Log] - Driver instance name = mac os x
[08-10-2023 11:43:18.090 INFO com.tricentis.demowebshop.helper.Log] - Start Browser CHROME
[08-10-2023 11:43:23.289 INFO com.tricentis.demowebshop.helper.Log] - Test start
[08-10-2023 11:43:23.299 INFO com.tricentis.demowebshop.helper.Log] - Open Home page
[08-10-2023 11:43:23.309 INFO com.tricentis.demowebshop.helper.Log] - Click on Login link on Homepage
[08-10-2023 11:43:23.960 INFO com.tricentis.demowebshop.helper.Log] - enter Email hihaha@abc.def and Password 
[08-10-2023 11:43:25.015 INFO com.tricentis.demowebshop.helper.Log] - Expected Message: The credentials provided are incorrectActual Message: The credentials provided are incorrect
[08-10-2023 11:43:25.018 INFO com.tricentis.demowebshop.helper.Log] - Test success
[08-10-2023 11:43:25.018 INFO com.tricentis.demowebshop.helper.Log] - ---------- VerifyLoginForm pass test ----------
[08-10-2023 11:43:25.020 INFO com.tricentis.demowebshop.helper.Log] - Close Browser and Driver
[08-10-2023 11:43:25.021 INFO com.tricentis.demowebshop.helper.Log] - OS name = mac os x
[08-10-2023 11:43:25.021 INFO com.tricentis.demowebshop.helper.Log] - Driver instance name = mac os x
[08-10-2023 11:43:26.267 INFO com.tricentis.demowebshop.helper.Log] - Start Browser CHROME
[08-10-2023 11:43:32.975 INFO com.tricentis.demowebshop.helper.Log] - Test start
[08-10-2023 11:43:32.995 INFO com.tricentis.demowebshop.helper.Log] - Open Home page
[08-10-2023 11:43:33.010 INFO com.tricentis.demowebshop.helper.Log] - Click on Login link on Homepage
[08-10-2023 11:43:33.798 INFO com.tricentis.demowebshop.helper.Log] - enter Email  and Password 
[08-10-2023 11:43:34.656 INFO com.tricentis.demowebshop.helper.Log] - Expected Message: No customer account foundActual Message: No customer account found
[08-10-2023 11:43:34.657 INFO com.tricentis.demowebshop.helper.Log] - Test success
[08-10-2023 11:43:34.658 INFO com.tricentis.demowebshop.helper.Log] - ---------- VerifyLoginForm pass test ----------
[08-10-2023 11:43:34.659 INFO com.tricentis.demowebshop.helper.Log] - Close Browser and Driver
[08-10-2023 11:43:34.660 INFO com.tricentis.demowebshop.helper.Log] - OS name = mac os x
[08-10-2023 11:43:34.660 INFO com.tricentis.demowebshop.helper.Log] - Driver instance name = mac os x
[08-10-2023 11:43:35.918 INFO com.tricentis.demowebshop.helper.Log] - Start Browser CHROME
[08-10-2023 11:43:42.185 INFO com.tricentis.demowebshop.helper.Log] - Test start
[08-10-2023 11:43:42.200 INFO com.tricentis.demowebshop.helper.Log] - Open Home page
[08-10-2023 11:43:42.211 INFO com.tricentis.demowebshop.helper.Log] - Click on Login link on Homepage
[08-10-2023 11:43:42.982 INFO com.tricentis.demowebshop.helper.Log] - enter Email hihaha@abc.def and Password 123456
[08-10-2023 11:43:44.038 INFO com.tricentis.demowebshop.helper.Log] - Expected Message: The credentials provided are incorrectActual Message: The credentials provided are incorrect
[08-10-2023 11:43:44.039 INFO com.tricentis.demowebshop.helper.Log] - Test success
[08-10-2023 11:43:44.040 INFO com.tricentis.demowebshop.helper.Log] - ---------- VerifyLoginForm pass test ----------
[08-10-2023 11:43:44.042 INFO com.tricentis.demowebshop.helper.Log] - Close Browser and Driver
[08-10-2023 11:43:44.043 INFO com.tricentis.demowebshop.helper.Log] - OS name = mac os x
[08-10-2023 11:43:44.043 INFO com.tricentis.demowebshop.helper.Log] - Driver instance name = mac os x
[08-10-2023 11:43:45.295 INFO com.tricentis.demowebshop.helper.Log] - Start Browser CHROME
[08-10-2023 11:43:50.589 INFO com.tricentis.demowebshop.helper.Log] - Test start
[08-10-2023 11:43:50.621 INFO com.tricentis.demowebshop.helper.Log] - Open Home page
[08-10-2023 11:43:50.633 INFO com.tricentis.demowebshop.helper.Log] - Click on Login link on Homepage
[08-10-2023 11:43:51.292 INFO com.tricentis.demowebshop.helper.Log] - enter Email null and Password null
[08-10-2023 11:43:51.406 INFO com.tricentis.demowebshop.helper.Log] - ---------- VerifyLoginForm FAILED test ----------
[08-10-2023 11:43:51.418 INFO com.tricentis.demowebshop.helper.Log] - Close Browser and Driver
[08-10-2023 11:43:51.421 INFO com.tricentis.demowebshop.helper.Log] - OS name = mac os x
[08-10-2023 11:43:51.425 INFO com.tricentis.demowebshop.helper.Log] - Driver instance name = mac os x
[08-10-2023 11:43:52.745 INFO com.tricentis.demowebshop.helper.Log] - Finish
